1476963465419	geckodriver	INFO	Listening on 127.0.0.1:49042
1476963466420	mozprofile::profile	INFO	Using profile path /tmp/rust_mozprofile.Faof38Su4cYO
1476963466422	geckodriver::marionette	INFO	Starting browser /usr/bin/firefox
1476963466425	geckodriver::marionette	INFO	Connecting to Marionette on localhost:55868

(firefox:26482): GLib-GObject-CRITICAL **: g_object_ref: assertion 'object->ref_count > 0' failed

(firefox:26482): GLib-GObject-CRITICAL **: g_object_unref: assertion 'object->ref_count > 0' failed

(firefox:26482): GLib-GObject-CRITICAL **: g_object_ref: assertion 'object->ref_count > 0' failed

(firefox:26482): GLib-GObject-CRITICAL **: g_object_unref: assertion 'object->ref_count > 0' failed
1476963467406	Marionette	INFO	Listening on port 55868
1476963468917	Marionette	INFO	startBrowser 5116616f-7144-409d-9335-2d6cb38351ff
1476963485088	geckodriver	INFO	Listening on 127.0.0.1:46424
1476963486087	mozprofile::profile	INFO	Using profile path /tmp/rust_mozprofile.YgbHbfKCUCSX
1476963486089	geckodriver::marionette	INFO	Starting browser /usr/bin/firefox
1476963486093	geckodriver::marionette	INFO	Connecting to Marionette on localhost:49806

(firefox:26555): GLib-GObject-CRITICAL **: g_object_ref: assertion 'object->ref_count > 0' failed

(firefox:26555): GLib-GObject-CRITICAL **: g_object_unref: assertion 'object->ref_count > 0' failed

(firefox:26555): GLib-GObject-CRITICAL **: g_object_ref: assertion 'object->ref_count > 0' failed

(firefox:26555): GLib-GObject-CRITICAL **: g_object_unref: assertion 'object->ref_count > 0' failed
1476963487066	Marionette	INFO	Listening on port 49806
1476963488869	Marionette	INFO	startBrowser 3f16d43a-58bd-4c6c-b25d-3a17c96d52b0

(/usr/lib/firefox/plugin-container:26611): GLib-GObject-CRITICAL **: g_object_ref: assertion 'object->ref_count > 0' failed

(/usr/lib/firefox/plugin-container:26611): GLib-GObject-CRITICAL **: g_object_unref: assertion 'object->ref_count > 0' failed

(/usr/lib/firefox/plugin-container:26611): GLib-GObject-CRITICAL **: g_object_ref: assertion 'object->ref_count > 0' failed

(/usr/lib/firefox/plugin-container:26611): GLib-GObject-CRITICAL **: g_object_unref: assertion 'object->ref_count > 0' failed
1476965992660	geckodriver	INFO	Listening on 127.0.0.1:42556
1476965993660	mozprofile::profile	INFO	Using profile path /tmp/rust_mozprofile.zJHgDNwOCJUw
1476965993661	geckodriver::marionette	INFO	Starting browser /home/gill/Downloads/firefox
1476966100903	geckodriver	INFO	Listening on 127.0.0.1:55091
1476966101903	mozprofile::profile	INFO	Using profile path /tmp/rust_mozprofile.qKJUt2nkhapC
1476966101904	geckodriver::marionette	INFO	Starting browser /home/gill/firefox
1476966235286	geckodriver	INFO	Listening on 127.0.0.1:54322
1476966236285	mozprofile::profile	INFO	Using profile path /tmp/rust_mozprofile.n4utnBDh6cOZ
1476966236287	geckodriver::marionette	INFO	Starting browser /bin/opt/firefox
1476966275395	geckodriver	INFO	Listening on 127.0.0.1:41418
1476966276396	mozprofile::profile	INFO	Using profile path /tmp/rust_mozprofile.yMxytHqcnhbj
1476966276397	geckodriver::marionette	INFO	Starting browser /opt/firefox
1476967850248	geckodriver	INFO	Listening on 127.0.0.1:46100
1476967851256	mozprofile::profile	INFO	Using profile path /tmp/rust_mozprofile.oUh87K0n2dLx
1476967851257	geckodriver::marionette	INFO	Starting browser /usr/bin/firefox
1476967851261	geckodriver::marionette	INFO	Connecting to Marionette on localhost:39827

(firefox:3369): GLib-GObject-CRITICAL **: g_object_ref: assertion 'object->ref_count > 0' failed

(firefox:3369): GLib-GObject-CRITICAL **: g_object_unref: assertion 'object->ref_count > 0' failed

(firefox:3369): GLib-GObject-CRITICAL **: g_object_ref: assertion 'object->ref_count > 0' failed

(firefox:3369): GLib-GObject-CRITICAL **: g_object_unref: assertion 'object->ref_count > 0' failed
1476967854808	Marionette	INFO	Listening on port 39827
1476967857107	Marionette	INFO	startBrowser 2bed3b03-23b7-4d98-905a-cfafea73facd

(/usr/lib/firefox/plugin-container:3418): GLib-GObject-CRITICAL **: g_object_ref: assertion 'object->ref_count > 0' failed

(/usr/lib/firefox/plugin-container:3418): GLib-GObject-CRITICAL **: g_object_unref: assertion 'object->ref_count > 0' failed

(/usr/lib/firefox/plugin-container:3418): GLib-GObject-CRITICAL **: g_object_ref: assertion 'object->ref_count > 0' failed

(/usr/lib/firefox/plugin-container:3418): GLib-GObject-CRITICAL **: g_object_unref: assertion 'object->ref_count > 0' failed
1476968208825	geckodriver	INFO	Listening on 127.0.0.1:40596
1476968209825	mozprofile::profile	INFO	Using profile path /tmp/rust_mozprofile.E5Kwo7EYm9a4
1476968209826	geckodriver::marionette	INFO	Starting browser /usr/bin/firefox
1476968209831	geckodriver::marionette	INFO	Connecting to Marionette on localhost:50187

(firefox:3584): GLib-GObject-CRITICAL **: g_object_ref: assertion 'object->ref_count > 0' failed

(firefox:3584): GLib-GObject-CRITICAL **: g_object_unref: assertion 'object->ref_count > 0' failed

(firefox:3584): GLib-GObject-CRITICAL **: g_object_ref: assertion 'object->ref_count > 0' failed

(firefox:3584): GLib-GObject-CRITICAL **: g_object_unref: assertion 'object->ref_count > 0' failed
1476968210802	Marionette	INFO	Listening on port 50187
1476968212482	Marionette	INFO	startBrowser f2a83334-27e5-4365-9b05-b0213f561b54

(/usr/lib/firefox/plugin-container:3639): GLib-GObject-CRITICAL **: g_object_ref: assertion 'object->ref_count > 0' failed

(/usr/lib/firefox/plugin-container:3639): GLib-GObject-CRITICAL **: g_object_unref: assertion 'object->ref_count > 0' failed

(/usr/lib/firefox/plugin-container:3639): GLib-GObject-CRITICAL **: g_object_ref: assertion 'object->ref_count > 0' failed

(/usr/lib/firefox/plugin-container:3639): GLib-GObject-CRITICAL **: g_object_unref: assertion 'object->ref_count > 0' failed
